<?xml version="1.0" encoding="UTF-8" ?>
<testsuite tests="61" failures="0" name="AH.gruppo14.stackbasedcalculator_gruppo14.ComplexTest" time="0.003" errors="0" skipped="0">
  <properties>
    <property name="java.runtime.name" value="Java(TM) SE Runtime Environment"/>
    <property name="sun.boot.library.path" value="C:\Program Files\Java\jdk-1.8\jre\bin"/>
    <property name="java.vm.version" value="25.381-b09"/>
    <property name="java.vm.vendor" value="Oracle Corporation"/>
    <property name="maven.multiModuleProjectDirectory" value="C:\Users\franc\Documents\NetBeansProjects\3-StackBasedCalculator_Gruppo14"/>
    <property name="java.vendor.url" value="http://java.oracle.com/"/>
    <property name="path.separator" value=";"/>
    <property name="guice.disable.misplaced.annotation.check" value="true"/>
    <property name="java.vm.name" value="Java HotSpot(TM) 64-Bit Server VM"/>
    <property name="file.encoding.pkg" value="sun.io"/>
    <property name="user.script" value=""/>
    <property name="user.country" value="IT"/>
    <property name="sun.java.launcher" value="SUN_STANDARD"/>
    <property name="sun.os.patch.level" value=""/>
    <property name="test" value="AH.gruppo14.stackbasedcalculator_gruppo14.**.*Test"/>
    <property name="java.vm.specification.name" value="Java Virtual Machine Specification"/>
    <property name="user.dir" value="C:\Users\franc\Documents\NetBeansProjects\3-StackBasedCalculator_Gruppo14"/>
    <property name="java.runtime.version" value="1.8.0_381-b09"/>
    <property name="java.awt.graphicsenv" value="sun.awt.Win32GraphicsEnvironment"/>
    <property name="java.endorsed.dirs" value="C:\Program Files\Java\jdk-1.8\jre\lib\endorsed"/>
    <property name="os.arch" value="amd64"/>
    <property name="java.io.tmpdir" value="C:\Users\franc\AppData\Local\Temp\"/>
    <property name="line.separator" value="
"/>
    <property name="java.vm.specification.vendor" value="Oracle Corporation"/>
    <property name="user.variant" value=""/>
    <property name="os.name" value="Windows 11"/>
    <property name="maven.ext.class.path" value="C:\Program Files\NetBeans-12.4\netbeans\java\maven-nblib\netbeans-eventspy.jar"/>
    <property name="classworlds.conf" value="C:\Program Files\NetBeans-12.4\netbeans\java\maven\bin\..\bin\m2.conf"/>
    <property name="sun.jnu.encoding" value="Cp1252"/>
    <property name="java.library.path" value="C:\Program Files\Java\jdk-1.8\bin;C:\WINDOWS\Sun\Java\bin;C:\WINDOWS\system32;C:\WINDOWS;C:\Program Files\Common Files\Siemens\Automation\Simatic OAM\bin;C:\Program Files\Common Files\Oracle\Java\javapath;C:\Program Files (x86)\Common Files\Oracle\Java\javapath;C:\windows\system32;C:\windows;C:\windows\System32\Wbem;C:\windows\System32\WindowsPowerShell\v1.0\;C:\windows\System32\OpenSSH\;C:\Program Files (x86)\NVIDIA Corporation\PhysX\Common;C:\Program Files\NVIDIA Corporation\NVIDIA NvDLISR;C:\WINDOWS\system32;C:\WINDOWS;C:\WINDOWS\System32\Wbem;C:\WINDOWS\System32\WindowsPowerShell\v1.0\;C:\WINDOWS\System32\OpenSSH\;C:\Program Files\Java\jdk-18.0.2.1\bin;C:\MinGW\bin;C:\MinGW\msys\1.0\bin;C:\Program Files\dotnet\;C:\Program Files\Java\jdk-20\bin;C:\Program Files\Microsoft VS Code\bin;C:\Program Files\Git\cmd;C:\Users\franc\AppData\Local\Microsoft\WindowsApps;C:\Users\franc\.dotnet\tools;C:\intelFPGA_lite\22.1std\questa_fse\win64;C:\Users\franc\AppData\Local\GitHubDesktop\bin;."/>
    <property name="maven.conf" value="C:\Program Files\NetBeans-12.4\netbeans\java\maven\bin\../conf"/>
    <property name="java.specification.name" value="Java Platform API Specification"/>
    <property name="java.class.version" value="52.0"/>
    <property name="sun.management.compiler" value="HotSpot 64-Bit Tiered Compilers"/>
    <property name="os.version" value="10.0"/>
    <property name="library.jansi.path" value="C:\Program Files\NetBeans-12.4\netbeans\java\maven\bin\..\lib\jansi-native"/>
    <property name="user.home" value="C:\Users\franc"/>
    <property name="user.timezone" value="Europe/Berlin"/>
    <property name="java.awt.printerjob" value="sun.awt.windows.WPrinterJob"/>
    <property name="java.specification.version" value="1.8"/>
    <property name="file.encoding" value="UTF-8"/>
    <property name="user.name" value="franc"/>
    <property name="java.class.path" value="C:\Program Files\NetBeans-12.4\netbeans\java\maven\bin\..\boot\plexus-classworlds-2.6.0.jar"/>
    <property name="java.vm.specification.version" value="1.8"/>
    <property name="sun.arch.data.model" value="64"/>
    <property name="java.home" value="C:\Program Files\Java\jdk-1.8\jre"/>
    <property name="sun.java.command" value="org.codehaus.plexus.classworlds.launcher.Launcher -Dtest=AH.gruppo14.stackbasedcalculator_gruppo14.**.*Test -Dmaven.ext.class.path=C:\Program Files\NetBeans-12.4\netbeans\java\maven-nblib\netbeans-eventspy.jar -Dfile.encoding=UTF-8 surefire:test"/>
    <property name="java.specification.vendor" value="Oracle Corporation"/>
    <property name="user.language" value="it"/>
    <property name="awt.toolkit" value="sun.awt.windows.WToolkit"/>
    <property name="java.vm.info" value="mixed mode"/>
    <property name="java.version" value="1.8.0_381"/>
    <property name="java.ext.dirs" value="C:\Program Files\Java\jdk-1.8\jre\lib\ext;C:\WINDOWS\Sun\Java\lib\ext"/>
    <property name="sun.boot.class.path" value="C:\Program Files\Java\jdk-1.8\jre\lib\resources.jar;C:\Program Files\Java\jdk-1.8\jre\lib\rt.jar;C:\Program Files\Java\jdk-1.8\jre\lib\jsse.jar;C:\Program Files\Java\jdk-1.8\jre\lib\jce.jar;C:\Program Files\Java\jdk-1.8\jre\lib\charsets.jar;C:\Program Files\Java\jdk-1.8\jre\lib\jfr.jar;C:\Program Files\Java\jdk-1.8\jre\classes"/>
    <property name="java.vendor" value="Oracle Corporation"/>
    <property name="java.specification.maintenance.version" value="5"/>
    <property name="maven.home" value="C:\Program Files\NetBeans-12.4\netbeans\java\maven\bin\.."/>
    <property name="file.separator" value="\"/>
    <property name="java.vendor.url.bug" value="http://bugreport.sun.com/bugreport/"/>
    <property name="sun.cpu.endian" value="little"/>
    <property name="sun.io.unicode.encoding" value="UnicodeLittle"/>
    <property name="sun.desktop" value="windows"/>
    <property name="sun.cpu.isalist" value="amd64"/>
  </properties>
  <testcase classname="AH.gruppo14.stackbasedcalculator_gruppo14.ComplexTest" name="AH.gruppo14.stackbasedcalculator_gruppo14.ComplexTest.testParseComplex4" time="0"/>
  <testcase classname="AH.gruppo14.stackbasedcalculator_gruppo14.ComplexTest" name="AH.gruppo14.stackbasedcalculator_gruppo14.ComplexTest.testParseComplex1" time="0.001"/>
  <testcase classname="AH.gruppo14.stackbasedcalculator_gruppo14.ComplexTest" name="AH.gruppo14.stackbasedcalculator_gruppo14.ComplexTest.testParseComplex2" time="0"/>
  <testcase classname="AH.gruppo14.stackbasedcalculator_gruppo14.ComplexTest" name="AH.gruppo14.stackbasedcalculator_gruppo14.ComplexTest.testParseComplex3" time="0"/>
  <testcase classname="AH.gruppo14.stackbasedcalculator_gruppo14.ComplexTest" name="AH.gruppo14.stackbasedcalculator_gruppo14.ComplexTest.testDivisione4" time="0"/>
  <testcase classname="AH.gruppo14.stackbasedcalculator_gruppo14.ComplexTest" name="AH.gruppo14.stackbasedcalculator_gruppo14.ComplexTest.testInvertiSegno1" time="0"/>
  <testcase classname="AH.gruppo14.stackbasedcalculator_gruppo14.ComplexTest" name="AH.gruppo14.stackbasedcalculator_gruppo14.ComplexTest.testInvertiSegno2" time="0"/>
  <testcase classname="AH.gruppo14.stackbasedcalculator_gruppo14.ComplexTest" name="AH.gruppo14.stackbasedcalculator_gruppo14.ComplexTest.testInvertiSegno3" time="0"/>
  <testcase classname="AH.gruppo14.stackbasedcalculator_gruppo14.ComplexTest" name="AH.gruppo14.stackbasedcalculator_gruppo14.ComplexTest.testInvertiSegno4" time="0"/>
  <testcase classname="AH.gruppo14.stackbasedcalculator_gruppo14.ComplexTest" name="AH.gruppo14.stackbasedcalculator_gruppo14.ComplexTest.testParseComplex5" time="0"/>
  <testcase classname="AH.gruppo14.stackbasedcalculator_gruppo14.ComplexTest" name="AH.gruppo14.stackbasedcalculator_gruppo14.ComplexTest.testParseComplex6" time="0"/>
  <testcase classname="AH.gruppo14.stackbasedcalculator_gruppo14.ComplexTest" name="AH.gruppo14.stackbasedcalculator_gruppo14.ComplexTest.testParseComplex7" time="0"/>
  <testcase classname="AH.gruppo14.stackbasedcalculator_gruppo14.ComplexTest" name="AH.gruppo14.stackbasedcalculator_gruppo14.ComplexTest.testProdotto2" time="0"/>
  <testcase classname="AH.gruppo14.stackbasedcalculator_gruppo14.ComplexTest" name="AH.gruppo14.stackbasedcalculator_gruppo14.ComplexTest.testProdotto4" time="0"/>
  <testcase classname="AH.gruppo14.stackbasedcalculator_gruppo14.ComplexTest" name="AH.gruppo14.stackbasedcalculator_gruppo14.ComplexTest.testSomma4" time="0"/>
  <testcase classname="AH.gruppo14.stackbasedcalculator_gruppo14.ComplexTest" name="AH.gruppo14.stackbasedcalculator_gruppo14.ComplexTest.testSomma6" time="0"/>
  <testcase classname="AH.gruppo14.stackbasedcalculator_gruppo14.ComplexTest" name="AH.gruppo14.stackbasedcalculator_gruppo14.ComplexTest.testSomma7" time="0"/>
  <testcase classname="AH.gruppo14.stackbasedcalculator_gruppo14.ComplexTest" name="AH.gruppo14.stackbasedcalculator_gruppo14.ComplexTest.testSottrazione3" time="0"/>
  <testcase classname="AH.gruppo14.stackbasedcalculator_gruppo14.ComplexTest" name="AH.gruppo14.stackbasedcalculator_gruppo14.ComplexTest.testProdotto5" time="0"/>
  <testcase classname="AH.gruppo14.stackbasedcalculator_gruppo14.ComplexTest" name="AH.gruppo14.stackbasedcalculator_gruppo14.ComplexTest.testProdotto3" time="0"/>
  <testcase classname="AH.gruppo14.stackbasedcalculator_gruppo14.ComplexTest" name="AH.gruppo14.stackbasedcalculator_gruppo14.ComplexTest.testProdotto6" time="0"/>
  <testcase classname="AH.gruppo14.stackbasedcalculator_gruppo14.ComplexTest" name="AH.gruppo14.stackbasedcalculator_gruppo14.ComplexTest.testDivisione1" time="0"/>
  <testcase classname="AH.gruppo14.stackbasedcalculator_gruppo14.ComplexTest" name="AH.gruppo14.stackbasedcalculator_gruppo14.ComplexTest.testDivisione2" time="0"/>
  <testcase classname="AH.gruppo14.stackbasedcalculator_gruppo14.ComplexTest" name="AH.gruppo14.stackbasedcalculator_gruppo14.ComplexTest.testSomma1" time="0"/>
  <testcase classname="AH.gruppo14.stackbasedcalculator_gruppo14.ComplexTest" name="AH.gruppo14.stackbasedcalculator_gruppo14.ComplexTest.testSottrazione6" time="0"/>
  <testcase classname="AH.gruppo14.stackbasedcalculator_gruppo14.ComplexTest" name="AH.gruppo14.stackbasedcalculator_gruppo14.ComplexTest.testDivisione3" time="0"/>
  <testcase classname="AH.gruppo14.stackbasedcalculator_gruppo14.ComplexTest" name="AH.gruppo14.stackbasedcalculator_gruppo14.ComplexTest.testSomma5" time="0"/>
  <testcase classname="AH.gruppo14.stackbasedcalculator_gruppo14.ComplexTest" name="AH.gruppo14.stackbasedcalculator_gruppo14.ComplexTest.testSomma2" time="0"/>
  <testcase classname="AH.gruppo14.stackbasedcalculator_gruppo14.ComplexTest" name="AH.gruppo14.stackbasedcalculator_gruppo14.ComplexTest.testSottrazione4" time="0"/>
  <testcase classname="AH.gruppo14.stackbasedcalculator_gruppo14.ComplexTest" name="AH.gruppo14.stackbasedcalculator_gruppo14.ComplexTest.testSomma3" time="0"/>
  <testcase classname="AH.gruppo14.stackbasedcalculator_gruppo14.ComplexTest" name="AH.gruppo14.stackbasedcalculator_gruppo14.ComplexTest.testSottrazione1" time="0"/>
  <testcase classname="AH.gruppo14.stackbasedcalculator_gruppo14.ComplexTest" name="AH.gruppo14.stackbasedcalculator_gruppo14.ComplexTest.testSottrazione2" time="0"/>
  <testcase classname="AH.gruppo14.stackbasedcalculator_gruppo14.ComplexTest" name="AH.gruppo14.stackbasedcalculator_gruppo14.ComplexTest.testSottrazione5" time="0"/>
  <testcase classname="AH.gruppo14.stackbasedcalculator_gruppo14.ComplexTest" name="AH.gruppo14.stackbasedcalculator_gruppo14.ComplexTest.testSottrazione7" time="0"/>
  <testcase classname="AH.gruppo14.stackbasedcalculator_gruppo14.ComplexTest" name="AH.gruppo14.stackbasedcalculator_gruppo14.ComplexTest.testProdotto1" time="0"/>
  <testcase classname="AH.gruppo14.stackbasedcalculator_gruppo14.ComplexTest" name="AH.gruppo14.stackbasedcalculator_gruppo14.ComplexTest.testToString5" time="0"/>
  <testcase classname="AH.gruppo14.stackbasedcalculator_gruppo14.ComplexTest" name="AH.gruppo14.stackbasedcalculator_gruppo14.ComplexTest.testEquals7" time="0"/>
  <testcase classname="AH.gruppo14.stackbasedcalculator_gruppo14.ComplexTest" name="AH.gruppo14.stackbasedcalculator_gruppo14.ComplexTest.testToString7" time="0"/>
  <testcase classname="AH.gruppo14.stackbasedcalculator_gruppo14.ComplexTest" name="AH.gruppo14.stackbasedcalculator_gruppo14.ComplexTest.testEquals9" time="0"/>
  <testcase classname="AH.gruppo14.stackbasedcalculator_gruppo14.ComplexTest" name="AH.gruppo14.stackbasedcalculator_gruppo14.ComplexTest.testRadice1" time="0.001"/>
  <testcase classname="AH.gruppo14.stackbasedcalculator_gruppo14.ComplexTest" name="AH.gruppo14.stackbasedcalculator_gruppo14.ComplexTest.testEquals3" time="0"/>
  <testcase classname="AH.gruppo14.stackbasedcalculator_gruppo14.ComplexTest" name="AH.gruppo14.stackbasedcalculator_gruppo14.ComplexTest.testEquals11" time="0"/>
  <testcase classname="AH.gruppo14.stackbasedcalculator_gruppo14.ComplexTest" name="AH.gruppo14.stackbasedcalculator_gruppo14.ComplexTest.testRadice2" time="0"/>
  <testcase classname="AH.gruppo14.stackbasedcalculator_gruppo14.ComplexTest" name="AH.gruppo14.stackbasedcalculator_gruppo14.ComplexTest.testEquals4" time="0"/>
  <testcase classname="AH.gruppo14.stackbasedcalculator_gruppo14.ComplexTest" name="AH.gruppo14.stackbasedcalculator_gruppo14.ComplexTest.testToString4" time="0"/>
  <testcase classname="AH.gruppo14.stackbasedcalculator_gruppo14.ComplexTest" name="AH.gruppo14.stackbasedcalculator_gruppo14.ComplexTest.testToString2" time="0"/>
  <testcase classname="AH.gruppo14.stackbasedcalculator_gruppo14.ComplexTest" name="AH.gruppo14.stackbasedcalculator_gruppo14.ComplexTest.testDivisione7" time="0"/>
  <testcase classname="AH.gruppo14.stackbasedcalculator_gruppo14.ComplexTest" name="AH.gruppo14.stackbasedcalculator_gruppo14.ComplexTest.testEquals6" time="0"/>
  <testcase classname="AH.gruppo14.stackbasedcalculator_gruppo14.ComplexTest" name="AH.gruppo14.stackbasedcalculator_gruppo14.ComplexTest.testToString6" time="0"/>
  <testcase classname="AH.gruppo14.stackbasedcalculator_gruppo14.ComplexTest" name="AH.gruppo14.stackbasedcalculator_gruppo14.ComplexTest.testToString8" time="0"/>
  <testcase classname="AH.gruppo14.stackbasedcalculator_gruppo14.ComplexTest" name="AH.gruppo14.stackbasedcalculator_gruppo14.ComplexTest.testEquals8" time="0"/>
  <testcase classname="AH.gruppo14.stackbasedcalculator_gruppo14.ComplexTest" name="AH.gruppo14.stackbasedcalculator_gruppo14.ComplexTest.testEquals10" time="0"/>
  <testcase classname="AH.gruppo14.stackbasedcalculator_gruppo14.ComplexTest" name="AH.gruppo14.stackbasedcalculator_gruppo14.ComplexTest.testToString3" time="0"/>
  <testcase classname="AH.gruppo14.stackbasedcalculator_gruppo14.ComplexTest" name="AH.gruppo14.stackbasedcalculator_gruppo14.ComplexTest.testToString1" time="0.001"/>
  <testcase classname="AH.gruppo14.stackbasedcalculator_gruppo14.ComplexTest" name="AH.gruppo14.stackbasedcalculator_gruppo14.ComplexTest.testEquals5" time="0"/>
  <testcase classname="AH.gruppo14.stackbasedcalculator_gruppo14.ComplexTest" name="AH.gruppo14.stackbasedcalculator_gruppo14.ComplexTest.testRadice3" time="0"/>
  <testcase classname="AH.gruppo14.stackbasedcalculator_gruppo14.ComplexTest" name="AH.gruppo14.stackbasedcalculator_gruppo14.ComplexTest.testDivisione6" time="0"/>
  <testcase classname="AH.gruppo14.stackbasedcalculator_gruppo14.ComplexTest" name="AH.gruppo14.stackbasedcalculator_gruppo14.ComplexTest.testDivisione5" time="0"/>
  <testcase classname="AH.gruppo14.stackbasedcalculator_gruppo14.ComplexTest" name="AH.gruppo14.stackbasedcalculator_gruppo14.ComplexTest.testEquals1" time="0"/>
  <testcase classname="AH.gruppo14.stackbasedcalculator_gruppo14.ComplexTest" name="AH.gruppo14.stackbasedcalculator_gruppo14.ComplexTest.testRadice4" time="0"/>
  <testcase classname="AH.gruppo14.stackbasedcalculator_gruppo14.ComplexTest" name="AH.gruppo14.stackbasedcalculator_gruppo14.ComplexTest.testEquals2" time="0"/>
</testsuite>